--- LAB 3 TEST RESULTS ---

1. Loading Model...
-> Done.

2. Vector for 'king':
   Shape: (50,)
   Values: [ 0.50451   0.68607  -0.59517  -0.022801  0.60046  -0.13498  -0.08813
  0.47377  -0.61798  -0.31012  -0.076666  1.493    -0.034189 -0.98173
  0.68229   0.81722  -0.51874  -0.31503  -0.55809   0.66421   0.1961
 -0.13495  -0.11476  -0.30344   0.41177  -2.223    -1.0756   -1.0783
 -0.34354   0.33505   1.9927   -0.04234  -0.64319   0.71125   0.49159
  0.16754   0.34344  -0.25663  -0.8523    0.1661    0.40102   1.1685
 -1.0137   -0.21585  -0.15155   0.78321  -0.91241  -1.6106   -0.64426
 -0.51042 ]

3. Similarity:
   King - Queen: 0.7839
   King - Man:   0.5309

4. Top 5 similar to 'computer':
   computers       : 0.9165
   software        : 0.8815
   technology      : 0.8526
   electronic      : 0.8126
   internet        : 0.8060
   computing       : 0.8026
   devices         : 0.8016
   digital         : 0.7992
   applications    : 0.7913
   pc              : 0.7883

5. Document Vector for: "The queen rules the country."
   Full Vector:
[ 0.06438001,  0.43381   , -0.779435  ,  0.0075025 ,  0.07915   ,
  0.20077899, -0.2454325 , -0.05369498, -0.00951262, -0.68774253,
  0.20841202,  0.37186748, -0.277775  ,  0.0571975 ,  0.25271776,
  0.29186398, -0.11216749, -0.16774976, -0.44036502, -0.293825  ,
  0.224767  , -0.14695   , -0.188575  , -0.0068075 , -0.14206001,
 -1.85945   , -0.6489335 , -0.0461795 , -0.355752  , -0.10144851,
  3.14785   ,  0.0223525 , -0.58941   , -0.21865499,  0.11142605,
 -0.01516755,  0.3881025 , -0.177838  , -0.3887395 , -0.3298915 ,
 -0.1765475 , -0.10511501,  0.01808002,  0.15928648, -0.4690325 ,
  0.15051782, -0.14395829, -0.44666   ,  0.03491382, -0.5612737 ]

--- END ---
